<?xml version="1.0" encoding="UTF-8"?>
<coverage generated="1394869369">
  <project timestamp="1394869369">
    <package name="Moszkva\CGraph">
      <file name="C:\Users\Gabor\Documents\GitHub\CGraph\src\Moszkva\CGraph/Builder.php">
        <class name="Builder" namespace="Moszkva\CGraph">
          <metrics methods="5" coveredmethods="5" conditionals="0" coveredconditionals="0" statements="23" coveredstatements="23" elements="28" coveredelements="28"/>
        </class>
        <line num="13" type="method" name="setPoint" crap="1" count="4"/>
        <line num="15" type="stmt" count="4"/>
        <line num="17" type="stmt" count="4"/>
        <line num="20" type="method" name="setBackgroundCharacter" crap="1" count="3"/>
        <line num="22" type="stmt" count="3"/>
        <line num="24" type="stmt" count="3"/>
        <line num="27" type="method" name="getBackgroundCharacter" crap="1" count="3"/>
        <line num="29" type="stmt" count="3"/>
        <line num="32" type="method" name="setCanvasSize" crap="1" count="6"/>
        <line num="34" type="stmt" count="6"/>
        <line num="35" type="stmt" count="6"/>
        <line num="37" type="stmt" count="6"/>
        <line num="40" type="method" name="render" crap="5" count="6"/>
        <line num="42" type="stmt" count="6"/>
        <line num="44" type="stmt" count="6"/>
        <line num="46" type="stmt" count="6"/>
        <line num="48" type="stmt" count="6"/>
        <line num="49" type="stmt" count="6"/>
        <line num="50" type="stmt" count="4"/>
        <line num="51" type="stmt" count="4"/>
        <line num="54" type="stmt" count="6"/>
        <line num="56" type="stmt" count="6"/>
        <line num="58" type="stmt" count="6"/>
        <line num="59" type="stmt" count="6"/>
        <line num="62" type="stmt" count="6"/>
        <line num="63" type="stmt" count="5"/>
        <line num="66" type="stmt" count="1"/>
        <line num="67" type="stmt" count="1"/>
        <metrics loc="69" ncloc="69" classes="1" methods="5" coveredmethods="5" conditionals="0" coveredconditionals="0" statements="23" coveredstatements="23" elements="28" coveredelements="28"/>
      </file>
      <file name="C:\Users\Gabor\Documents\GitHub\CGraph\src\Moszkva\CGraph/Coordinate.php">
        <class name="Coordinate" namespace="Moszkva\CGraph">
          <metrics methods="1" coveredmethods="1" conditionals="0" coveredconditionals="0" statements="3" coveredstatements="3" elements="4" coveredelements="4"/>
        </class>
        <line num="10" type="method" name="__construct" crap="1" count="4"/>
        <line num="12" type="stmt" count="4"/>
        <line num="13" type="stmt" count="4"/>
        <line num="14" type="stmt" count="4"/>
        <metrics loc="16" ncloc="16" classes="1" methods="1" coveredmethods="1" conditionals="0" coveredconditionals="0" statements="3" coveredstatements="3" elements="4" coveredelements="4"/>
      </file>
      <file name="C:\Users\Gabor\Documents\GitHub\CGraph\src\Moszkva\CGraph/Exception.php">
        <class name="Exception" namespace="Moszkva\CGraph">
          <metrics methods="0" coveredmethods="0" conditionals="0" coveredconditionals="0" statements="0" coveredstatements="0" elements="0" coveredelements="0"/>
        </class>
        <metrics loc="9" ncloc="9" classes="1" methods="0" coveredmethods="0" conditionals="0" coveredconditionals="0" statements="0" coveredstatements="0" elements="0" coveredelements="0"/>
      </file>
      <file name="C:\Users\Gabor\Documents\GitHub\CGraph\src\Moszkva\CGraph/FileFactory.php">
        <class name="FileFactory" namespace="Moszkva\CGraph">
          <metrics methods="4" coveredmethods="4" conditionals="0" coveredconditionals="0" statements="41" coveredstatements="41" elements="45" coveredelements="45"/>
        </class>
        <line num="22" type="method" name="__construct" crap="1" count="2"/>
        <line num="24" type="stmt" count="2"/>
        <line num="25" type="stmt" count="2"/>
        <line num="27" type="method" name="getImageHandler" crap="1" count="2"/>
        <line num="29" type="stmt" count="2"/>
        <line num="32" type="method" name="create" crap="4" count="2"/>
        <line num="34" type="stmt" count="2"/>
        <line num="36" type="stmt" count="2"/>
        <line num="37" type="stmt" count="2"/>
        <line num="39" type="stmt" count="2"/>
        <line num="41" type="stmt" count="2"/>
        <line num="42" type="stmt" count="2"/>
        <line num="44" type="stmt" count="2"/>
        <line num="46" type="stmt" count="2"/>
        <line num="48" type="stmt" count="2"/>
        <line num="49" type="stmt" count="2"/>
        <line num="50" type="stmt" count="2"/>
        <line num="52" type="stmt" count="2"/>
        <line num="53" type="stmt" count="2"/>
        <line num="54" type="stmt" count="1"/>
        <line num="57" type="stmt" count="1"/>
        <line num="58" type="stmt" count="1"/>
        <line num="60" type="method" name="initImage" crap="3" count="2"/>
        <line num="62" type="stmt" count="2"/>
        <line num="63" type="stmt" count="2"/>
        <line num="65" type="stmt" count="2"/>
        <line num="66" type="stmt" count="2"/>
        <line num="67" type="stmt" count="2"/>
        <line num="68" type="stmt" count="2"/>
        <line num="70" type="stmt" count="2"/>
        <line num="72" type="stmt" count="2"/>
        <line num="74" type="stmt" count="2"/>
        <line num="76" type="stmt" count="2"/>
        <line num="77" type="stmt" count="2"/>
        <line num="79" type="stmt" count="2"/>
        <line num="80" type="stmt" count="2"/>
        <line num="81" type="stmt" count="1"/>
        <line num="82" type="stmt" count="1"/>
        <line num="84" type="stmt" count="1"/>
        <line num="86" type="stmt" count="1"/>
        <line num="87" type="stmt" count="1"/>
        <line num="89" type="stmt" count="1"/>
        <line num="90" type="stmt" count="1"/>
        <line num="92" type="stmt" count="2"/>
        <line num="93" type="stmt" count="2"/>
        <metrics loc="95" ncloc="86" classes="1" methods="4" coveredmethods="4" conditionals="0" coveredconditionals="0" statements="41" coveredstatements="41" elements="45" coveredelements="45"/>
      </file>
      <file name="C:\Users\Gabor\Documents\GitHub\CGraph\src\Moszkva\CGraph/Image.php">
        <class name="Image" namespace="Moszkva\CGraph">
          <metrics methods="6" coveredmethods="6" conditionals="0" coveredconditionals="0" statements="34" coveredstatements="34" elements="40" coveredelements="40"/>
        </class>
        <line num="0" type="stmt" count="1"/>
        <line num="14" type="method" name="__construct" crap="1" count="12"/>
        <line num="16" type="stmt" count="12"/>
        <line num="17" type="stmt" count="8"/>
        <line num="19" type="method" name="create" crap="4" count="12"/>
        <line num="21" type="stmt" count="12"/>
        <line num="22" type="stmt" count="12"/>
        <line num="23" type="stmt" count="8"/>
        <line num="24" type="stmt" count="7"/>
        <line num="25" type="stmt" count="4"/>
        <line num="27" type="stmt" count="3"/>
        <line num="28" type="stmt" count="1"/>
        <line num="31" type="stmt" count="1"/>
        <line num="33" type="stmt" count="8"/>
        <line num="35" type="method" name="getImage" crap="1" count="8"/>
        <line num="37" type="stmt" count="8"/>
        <line num="40" type="method" name="openStream" crap="2" count="3"/>
        <line num="42" type="stmt" count="3"/>
        <line num="43" type="stmt" count="3"/>
        <line num="44" type="stmt" count="2"/>
        <line num="46" type="stmt" count="1"/>
        <line num="48" type="method" name="openFile" crap="5" count="8"/>
        <line num="50" type="stmt" count="8"/>
        <line num="52" type="stmt" count="8"/>
        <line num="53" type="stmt" count="8"/>
        <line num="54" type="stmt" count="7"/>
        <line num="55" type="stmt" count="7"/>
        <line num="57" type="stmt" count="2"/>
        <line num="58" type="stmt" count="1"/>
        <line num="59" type="stmt" count="1"/>
        <line num="61" type="stmt" count="2"/>
        <line num="62" type="stmt" count="1"/>
        <line num="63" type="stmt" count="1"/>
        <line num="65" type="stmt" count="1"/>
        <line num="66" type="stmt" count="1"/>
        <line num="68" type="stmt" count="8"/>
        <line num="69" type="stmt" count="7"/>
        <line num="71" type="method" name="getFileExtensionByFileName" crap="1" count="8"/>
        <line num="73" type="stmt" count="8"/>
        <line num="75" type="stmt" count="8"/>
        <line num="77" type="stmt" count="8"/>
        <metrics loc="81" ncloc="78" classes="1" methods="6" coveredmethods="6" conditionals="0" coveredconditionals="0" statements="34" coveredstatements="34" elements="40" coveredelements="40"/>
      </file>
      <file name="C:\Users\Gabor\Documents\GitHub\CGraph\src\Moszkva\CGraph/ImageHandler.php">
        <class name="ImageHandler" namespace="Moszkva\CGraph">
          <metrics methods="10" coveredmethods="10" conditionals="0" coveredconditionals="0" statements="28" coveredstatements="28" elements="38" coveredelements="38"/>
        </class>
        <line num="20" type="method" name="__construct" crap="1" count="6"/>
        <line num="22" type="stmt" count="6"/>
        <line num="23" type="stmt" count="6"/>
        <line num="24" type="stmt" count="6"/>
        <line num="26" type="method" name="getImageWidth" crap="1" count="4"/>
        <line num="28" type="stmt" count="4"/>
        <line num="31" type="method" name="getImageHeight" crap="1" count="4"/>
        <line num="33" type="stmt" count="4"/>
        <line num="36" type="method" name="getColorAt" crap="1" count="4"/>
        <line num="38" type="stmt" count="4"/>
        <line num="41" type="method" name="setContrast" crap="1" count="2"/>
        <line num="43" type="stmt" count="2"/>
        <line num="44" type="stmt" count="2"/>
        <line num="49" type="method" name="getCharMap" crap="1" count="1"/>
        <line num="51" type="stmt" count="1"/>
        <line num="54" type="method" name="resize" crap="2" count="4"/>
        <line num="56" type="stmt" count="4"/>
        <line num="58" type="stmt" count="4"/>
        <line num="59" type="stmt" count="4"/>
        <line num="60" type="stmt" count="3"/>
        <line num="61" type="stmt" count="3"/>
        <line num="64" type="stmt" count="1"/>
        <line num="66" type="stmt" count="3"/>
        <line num="68" type="method" name="getCharByCoordinate" crap="1" count="3"/>
        <line num="70" type="stmt" count="3"/>
        <line num="72" type="stmt" count="3"/>
        <line num="73" type="stmt" count="3"/>
        <line num="74" type="stmt" count="3"/>
        <line num="76" type="stmt" count="3"/>
        <line num="78" type="stmt" count="3"/>
        <line num="81" type="method" name="__destruct" crap="2" count="6"/>
        <line num="83" type="stmt" count="6"/>
        <line num="84" type="stmt" count="6"/>
        <line num="85" type="stmt" count="6"/>
        <line num="86" type="stmt" count="6"/>
        <line num="87" type="stmt" count="6"/>
        <line num="89" type="method" name="getImage" crap="1" count="1"/>
        <line num="91" type="stmt" count="1"/>
        <metrics loc="94" ncloc="84" classes="1" methods="10" coveredmethods="10" conditionals="0" coveredconditionals="0" statements="28" coveredstatements="28" elements="38" coveredelements="38"/>
      </file>
      <file name="C:\Users\Gabor\Documents\GitHub\CGraph\src\Moszkva\CGraph/ImageHandlerException.php">
        <class name="ImageHandlerException" namespace="Moszkva\CGraph">
          <metrics methods="0" coveredmethods="0" conditionals="0" coveredconditionals="0" statements="0" coveredstatements="0" elements="0" coveredelements="0"/>
        </class>
        <metrics loc="9" ncloc="9" classes="1" methods="0" coveredmethods="0" conditionals="0" coveredconditionals="0" statements="0" coveredstatements="0" elements="0" coveredelements="0"/>
      </file>
      <file name="C:\Users\Gabor\Documents\GitHub\CGraph\src\Moszkva\CGraph/Point.php">
        <class name="Point" namespace="Moszkva\CGraph">
          <metrics methods="3" coveredmethods="3" conditionals="0" coveredconditionals="0" statements="5" coveredstatements="5" elements="8" coveredelements="8"/>
        </class>
        <line num="10" type="method" name="__construct" crap="1" count="4"/>
        <line num="12" type="stmt" count="4"/>
        <line num="13" type="stmt" count="4"/>
        <line num="14" type="stmt" count="4"/>
        <line num="16" type="method" name="getCGraphCoordinate" crap="1" count="4"/>
        <line num="18" type="stmt" count="4"/>
        <line num="21" type="method" name="getChar" crap="1" count="4"/>
        <line num="23" type="stmt" count="4"/>
        <metrics loc="26" ncloc="26" classes="1" methods="3" coveredmethods="3" conditionals="0" coveredconditionals="0" statements="5" coveredstatements="5" elements="8" coveredelements="8"/>
      </file>
    </package>
    <file name="C:\Users\Gabor\Documents\GitHub\CGraph\src\Moszkva\CGraph/IImage.php">
      <metrics loc="11" ncloc="11" classes="0" methods="0" coveredmethods="0" conditionals="0" coveredconditionals="0" statements="0" coveredstatements="0" elements="0" coveredelements="0"/>
    </file>
    <file name="C:\Users\Gabor\Documents\GitHub\CGraph\src\Moszkva\CGraph/IImageHandler.php">
      <metrics loc="15" ncloc="15" classes="0" methods="0" coveredmethods="0" conditionals="0" coveredconditionals="0" statements="0" coveredstatements="0" elements="0" coveredelements="0"/>
    </file>
    <metrics files="10" loc="425" ncloc="403" classes="8" methods="29" coveredmethods="29" conditionals="0" coveredconditionals="0" statements="134" coveredstatements="134" elements="163" coveredelements="163"/>
  </project>
</coverage>
