<?xml version="1.0" encoding="UTF-8"?>
<coverage generated="1394826151">
  <project timestamp="1394826151">
    <package name="Moszkva\CGraph">
      <file name="C:\Users\Gabor\Documents\GitHub\CGraph\src\Moszkva\CGraph/Builder.php">
        <class name="Builder" namespace="Moszkva\CGraph">
          <metrics methods="5" coveredmethods="5" conditionals="0" coveredconditionals="0" statements="23" coveredstatements="23" elements="28" coveredelements="28"/>
        </class>
        <line num="13" type="method" name="setPoint" crap="1" count="4"/>
        <line num="15" type="stmt" count="4"/>
        <line num="17" type="stmt" count="4"/>
        <line num="20" type="method" name="setBackgroundCharacter" crap="1" count="3"/>
        <line num="22" type="stmt" count="3"/>
        <line num="24" type="stmt" count="3"/>
        <line num="27" type="method" name="getBackgroundCharacter" crap="1" count="3"/>
        <line num="29" type="stmt" count="3"/>
        <line num="32" type="method" name="setCanvasSize" crap="1" count="6"/>
        <line num="34" type="stmt" count="6"/>
        <line num="35" type="stmt" count="6"/>
        <line num="37" type="stmt" count="6"/>
        <line num="40" type="method" name="render" crap="5" count="6"/>
        <line num="42" type="stmt" count="6"/>
        <line num="44" type="stmt" count="6"/>
        <line num="46" type="stmt" count="6"/>
        <line num="48" type="stmt" count="6"/>
        <line num="49" type="stmt" count="6"/>
        <line num="50" type="stmt" count="4"/>
        <line num="51" type="stmt" count="4"/>
        <line num="54" type="stmt" count="6"/>
        <line num="56" type="stmt" count="6"/>
        <line num="58" type="stmt" count="6"/>
        <line num="59" type="stmt" count="6"/>
        <line num="62" type="stmt" count="6"/>
        <line num="63" type="stmt" count="5"/>
        <line num="66" type="stmt" count="1"/>
        <line num="67" type="stmt" count="1"/>
        <metrics loc="69" ncloc="69" classes="1" methods="5" coveredmethods="5" conditionals="0" coveredconditionals="0" statements="23" coveredstatements="23" elements="28" coveredelements="28"/>
      </file>
      <file name="C:\Users\Gabor\Documents\GitHub\CGraph\src\Moszkva\CGraph/Coordinate.php">
        <class name="Coordinate" namespace="Moszkva\CGraph">
          <metrics methods="1" coveredmethods="1" conditionals="0" coveredconditionals="0" statements="3" coveredstatements="3" elements="4" coveredelements="4"/>
        </class>
        <line num="10" type="method" name="__construct" crap="1" count="4"/>
        <line num="12" type="stmt" count="4"/>
        <line num="13" type="stmt" count="4"/>
        <line num="14" type="stmt" count="4"/>
        <metrics loc="16" ncloc="16" classes="1" methods="1" coveredmethods="1" conditionals="0" coveredconditionals="0" statements="3" coveredstatements="3" elements="4" coveredelements="4"/>
      </file>
      <file name="C:\Users\Gabor\Documents\GitHub\CGraph\src\Moszkva\CGraph/Exception.php">
        <class name="Exception" namespace="Moszkva\CGraph">
          <metrics methods="0" coveredmethods="0" conditionals="0" coveredconditionals="0" statements="0" coveredstatements="0" elements="0" coveredelements="0"/>
        </class>
        <metrics loc="9" ncloc="9" classes="1" methods="0" coveredmethods="0" conditionals="0" coveredconditionals="0" statements="0" coveredstatements="0" elements="0" coveredelements="0"/>
      </file>
      <file name="C:\Users\Gabor\Documents\GitHub\CGraph\src\Moszkva\CGraph/FileFactory.php">
        <class name="FileFactory" namespace="Moszkva\CGraph">
          <metrics methods="4" coveredmethods="4" conditionals="0" coveredconditionals="0" statements="42" coveredstatements="42" elements="46" coveredelements="46"/>
        </class>
        <line num="27" type="method" name="__construct" crap="1" count="2"/>
        <line num="29" type="stmt" count="2"/>
        <line num="30" type="stmt" count="2"/>
        <line num="32" type="method" name="getCGraphImageHandler" crap="1" count="1"/>
        <line num="34" type="stmt" count="1"/>
        <line num="37" type="method" name="create" crap="4" count="2"/>
        <line num="39" type="stmt" count="2"/>
        <line num="41" type="stmt" count="2"/>
        <line num="43" type="stmt" count="2"/>
        <line num="44" type="stmt" count="2"/>
        <line num="46" type="stmt" count="2"/>
        <line num="48" type="stmt" count="2"/>
        <line num="49" type="stmt" count="2"/>
        <line num="51" type="stmt" count="2"/>
        <line num="53" type="stmt" count="2"/>
        <line num="55" type="stmt" count="2"/>
        <line num="56" type="stmt" count="2"/>
        <line num="57" type="stmt" count="2"/>
        <line num="59" type="stmt" count="2"/>
        <line num="60" type="stmt" count="2"/>
        <line num="61" type="stmt" count="1"/>
        <line num="64" type="stmt" count="1"/>
        <line num="65" type="stmt" count="1"/>
        <line num="67" type="method" name="initImage" crap="3" count="2"/>
        <line num="69" type="stmt" count="2"/>
        <line num="70" type="stmt" count="2"/>
        <line num="72" type="stmt" count="2"/>
        <line num="73" type="stmt" count="2"/>
        <line num="74" type="stmt" count="2"/>
        <line num="75" type="stmt" count="2"/>
        <line num="77" type="stmt" count="2"/>
        <line num="79" type="stmt" count="2"/>
        <line num="81" type="stmt" count="2"/>
        <line num="83" type="stmt" count="2"/>
        <line num="84" type="stmt" count="2"/>
        <line num="86" type="stmt" count="2"/>
        <line num="87" type="stmt" count="2"/>
        <line num="88" type="stmt" count="1"/>
        <line num="89" type="stmt" count="1"/>
        <line num="91" type="stmt" count="1"/>
        <line num="93" type="stmt" count="1"/>
        <line num="94" type="stmt" count="1"/>
        <line num="96" type="stmt" count="1"/>
        <line num="97" type="stmt" count="1"/>
        <line num="99" type="stmt" count="2"/>
        <line num="100" type="stmt" count="2"/>
        <metrics loc="102" ncloc="90" classes="1" methods="4" coveredmethods="4" conditionals="0" coveredconditionals="0" statements="42" coveredstatements="42" elements="46" coveredelements="46"/>
      </file>
      <file name="C:\Users\Gabor\Documents\GitHub\CGraph\src\Moszkva\CGraph/ImageHandler.php">
        <class name="ImageHandler" namespace="Moszkva\CGraph">
          <metrics methods="12" coveredmethods="12" conditionals="0" coveredconditionals="0" statements="49" coveredstatements="49" elements="61" coveredelements="61"/>
        </class>
        <line num="0" type="stmt" count="1"/>
        <line num="20" type="method" name="__construct" crap="1" count="9"/>
        <line num="22" type="stmt" count="9"/>
        <line num="24" type="stmt" count="7"/>
        <line num="25" type="stmt" count="7"/>
        <line num="27" type="method" name="openFile" crap="6" count="9"/>
        <line num="29" type="stmt" count="9"/>
        <line num="30" type="stmt" count="9"/>
        <line num="31" type="stmt" count="1"/>
        <line num="34" type="stmt" count="8"/>
        <line num="36" type="stmt" count="8"/>
        <line num="37" type="stmt" count="8"/>
        <line num="38" type="stmt" count="7"/>
        <line num="39" type="stmt" count="7"/>
        <line num="41" type="stmt" count="2"/>
        <line num="42" type="stmt" count="1"/>
        <line num="43" type="stmt" count="1"/>
        <line num="45" type="stmt" count="2"/>
        <line num="46" type="stmt" count="1"/>
        <line num="47" type="stmt" count="1"/>
        <line num="49" type="stmt" count="1"/>
        <line num="50" type="stmt" count="1"/>
        <line num="52" type="stmt" count="8"/>
        <line num="53" type="stmt" count="7"/>
        <line num="55" type="method" name="getImageWidth" crap="1" count="5"/>
        <line num="57" type="stmt" count="5"/>
        <line num="60" type="method" name="getImageHeight" crap="1" count="5"/>
        <line num="62" type="stmt" count="5"/>
        <line num="65" type="method" name="getColorAt" crap="1" count="4"/>
        <line num="67" type="stmt" count="4"/>
        <line num="70" type="method" name="setContrast" crap="1" count="2"/>
        <line num="72" type="stmt" count="2"/>
        <line num="73" type="stmt" count="2"/>
        <line num="78" type="method" name="getCharMap" crap="1" count="1"/>
        <line num="80" type="stmt" count="1"/>
        <line num="83" type="method" name="resize" crap="2" count="4"/>
        <line num="85" type="stmt" count="4"/>
        <line num="87" type="stmt" count="4"/>
        <line num="88" type="stmt" count="4"/>
        <line num="89" type="stmt" count="3"/>
        <line num="90" type="stmt" count="3"/>
        <line num="93" type="stmt" count="1"/>
        <line num="95" type="stmt" count="3"/>
        <line num="97" type="method" name="getFileExtensionByFileName" crap="1" count="8"/>
        <line num="99" type="stmt" count="8"/>
        <line num="101" type="stmt" count="8"/>
        <line num="103" type="stmt" count="8"/>
        <line num="106" type="method" name="getCharByCoordinate" crap="1" count="3"/>
        <line num="108" type="stmt" count="3"/>
        <line num="110" type="stmt" count="3"/>
        <line num="111" type="stmt" count="3"/>
        <line num="112" type="stmt" count="3"/>
        <line num="114" type="stmt" count="3"/>
        <line num="116" type="stmt" count="3"/>
        <line num="119" type="method" name="__destruct" crap="2" count="7"/>
        <line num="121" type="stmt" count="7"/>
        <line num="122" type="stmt" count="7"/>
        <line num="123" type="stmt" count="7"/>
        <line num="124" type="stmt" count="7"/>
        <line num="125" type="stmt" count="7"/>
        <line num="127" type="method" name="getImage" crap="1" count="1"/>
        <line num="129" type="stmt" count="1"/>
        <metrics loc="132" ncloc="122" classes="1" methods="12" coveredmethods="12" conditionals="0" coveredconditionals="0" statements="49" coveredstatements="49" elements="61" coveredelements="61"/>
      </file>
      <file name="C:\Users\Gabor\Documents\GitHub\CGraph\src\Moszkva\CGraph/ImageHandlerException.php">
        <class name="ImageHandlerException" namespace="Moszkva\CGraph">
          <metrics methods="0" coveredmethods="0" conditionals="0" coveredconditionals="0" statements="0" coveredstatements="0" elements="0" coveredelements="0"/>
        </class>
        <metrics loc="9" ncloc="9" classes="1" methods="0" coveredmethods="0" conditionals="0" coveredconditionals="0" statements="0" coveredstatements="0" elements="0" coveredelements="0"/>
      </file>
      <file name="C:\Users\Gabor\Documents\GitHub\CGraph\src\Moszkva\CGraph/Point.php">
        <class name="Point" namespace="Moszkva\CGraph">
          <metrics methods="3" coveredmethods="3" conditionals="0" coveredconditionals="0" statements="5" coveredstatements="5" elements="8" coveredelements="8"/>
        </class>
        <line num="10" type="method" name="__construct" crap="1" count="4"/>
        <line num="12" type="stmt" count="4"/>
        <line num="13" type="stmt" count="4"/>
        <line num="14" type="stmt" count="4"/>
        <line num="16" type="method" name="getCGraphCoordinate" crap="1" count="4"/>
        <line num="18" type="stmt" count="4"/>
        <line num="21" type="method" name="getChar" crap="1" count="4"/>
        <line num="23" type="stmt" count="4"/>
        <metrics loc="26" ncloc="26" classes="1" methods="3" coveredmethods="3" conditionals="0" coveredconditionals="0" statements="5" coveredstatements="5" elements="8" coveredelements="8"/>
      </file>
    </package>
    <file name="C:\Users\Gabor\Documents\GitHub\CGraph\src\Moszkva\CGraph/IImageHandler.php">
      <metrics loc="16" ncloc="16" classes="0" methods="0" coveredmethods="0" conditionals="0" coveredconditionals="0" statements="0" coveredstatements="0" elements="0" coveredelements="0"/>
    </file>
    <metrics files="8" loc="379" ncloc="357" classes="7" methods="25" coveredmethods="25" conditionals="0" coveredconditionals="0" statements="122" coveredstatements="122" elements="147" coveredelements="147"/>
  </project>
</coverage>
